<?xml version="1.0" encoding="UTF-8"?>
<!-- Generated by org.testng.reporters.JUnitReportReporter -->
<testsuite hostname="X1-Carbon" failures="0" tests="1" name="org.example.AppTest" time="0.034" errors="0" timestamp="29 Sep 2019 10:31:26 GMT">
  <testcase classname="org.example.AppTest" name="shouldAnswerWithTrue" time="0.034"/>
</testsuite> <!-- org.example.AppTest -->
